[debug] [2024-05-19T11:34:12.331Z] ----------------------------------------------------------------------
[debug] [2024-05-19T11:34:12.334Z] Command:       /usr/bin/node /usr/local/bin/firebase deploy --only functions
[debug] [2024-05-19T11:34:12.335Z] CLI Version:   13.9.0
[debug] [2024-05-19T11:34:12.335Z] Platform:      linux
[debug] [2024-05-19T11:34:12.335Z] Node Version:  v18.19.1
[debug] [2024-05-19T11:34:12.336Z] Time:          Sun May 19 2024 13:34:12 GMT+0200 (Central European Summer Time)
[debug] [2024-05-19T11:34:12.336Z] ----------------------------------------------------------------------
[debug] 
[debug] [2024-05-19T11:34:12.415Z] > command requires scopes: ["email","openid","https://www.googleapis.com/auth/cloudplatformprojects.readonly","https://www.googleapis.com/auth/firebase","https://www.googleapis.com/auth/cloud-platform"]
[debug] [2024-05-19T11:34:12.416Z] > authorizing via signed-in user (sjitaru29@gmail.com)
[debug] [2024-05-19T11:34:12.416Z] [iam] checking project habicted for permissions ["cloudfunctions.functions.create","cloudfunctions.functions.delete","cloudfunctions.functions.get","cloudfunctions.functions.list","cloudfunctions.functions.update","cloudfunctions.operations.get","firebase.projects.get"]
[debug] [2024-05-19T11:34:12.419Z] >>> [apiv2][query] POST https://cloudresourcemanager.googleapis.com/v1/projects/habicted:testIamPermissions [none]
[debug] [2024-05-19T11:34:12.419Z] >>> [apiv2][(partial)header] POST https://cloudresourcemanager.googleapis.com/v1/projects/habicted:testIamPermissions x-goog-quota-user=projects/habicted
[debug] [2024-05-19T11:34:12.419Z] >>> [apiv2][body] POST https://cloudresourcemanager.googleapis.com/v1/projects/habicted:testIamPermissions {"permissions":["cloudfunctions.functions.create","cloudfunctions.functions.delete","cloudfunctions.functions.get","cloudfunctions.functions.list","cloudfunctions.functions.update","cloudfunctions.operations.get","firebase.projects.get"]}
[debug] [2024-05-19T11:34:13.258Z] <<< [apiv2][status] POST https://cloudresourcemanager.googleapis.com/v1/projects/habicted:testIamPermissions 200
[debug] [2024-05-19T11:34:13.258Z] <<< [apiv2][body] POST https://cloudresourcemanager.googleapis.com/v1/projects/habicted:testIamPermissions {"permissions":["cloudfunctions.functions.create","cloudfunctions.functions.delete","cloudfunctions.functions.get","cloudfunctions.functions.list","cloudfunctions.functions.update","cloudfunctions.operations.get","firebase.projects.get"]}
[debug] [2024-05-19T11:34:13.259Z] >>> [apiv2][query] POST https://iam.googleapis.com/v1/projects/habicted/serviceAccounts/habicted@appspot.gserviceaccount.com:testIamPermissions [none]
[debug] [2024-05-19T11:34:13.259Z] >>> [apiv2][body] POST https://iam.googleapis.com/v1/projects/habicted/serviceAccounts/habicted@appspot.gserviceaccount.com:testIamPermissions {"permissions":["iam.serviceAccounts.actAs"]}
[debug] [2024-05-19T11:34:14.270Z] <<< [apiv2][status] POST https://iam.googleapis.com/v1/projects/habicted/serviceAccounts/habicted@appspot.gserviceaccount.com:testIamPermissions 200
[debug] [2024-05-19T11:34:14.270Z] <<< [apiv2][body] POST https://iam.googleapis.com/v1/projects/habicted/serviceAccounts/habicted@appspot.gserviceaccount.com:testIamPermissions {"permissions":["iam.serviceAccounts.actAs"]}
[info] 
[info] === Deploying to 'habicted'...
[info] 
[info] i  deploying functions 
[info] Running command: npm --prefix "$RESOURCE_DIR" run lint
[info] ✔  functions: Finished running predeploy script. 
[debug] [2024-05-19T11:34:15.776Z] >>> [apiv2][query] GET https://firebase.googleapis.com/v1beta1/projects/habicted [none]
